# JRE version: OpenJDK Runtime Environment (21.0.8) (build 21.0.8+-14196175-b1038.72)
# Java VM: OpenJDK 64-Bit Server VM (21.0.8+-14196175-b1038.72, mixed mode, tiered, compressed oops, compressed class ptrs, g1 gc, windows-amd64)
GC Precious Log:
 CardTable entry size: 512
 Card Set container configuration: InlinePtr #cards 5 size 8 Array Of Cards #cards 12 size 40 Howl #buckets 4 coarsen threshold 1843 Howl Bitmap #cards 512 size 80 coarsen threshold 460 Card regions per heap region 1 cards per card region 2048
 CPUs: 4 total, 4 available
 Memory: 8066M
 Large Page Support: Disabled
 NUMA Support: Disabled
 Compressed Oops: Enabled (32-bit)
 Heap Region Size: 1M
 Heap Min Capacity: 8M
 Heap Initial Capacity: 128M
 Heap Max Capacity: 2G
 Pre-touch: Disabled
 Parallel Workers: 4
 Concurrent Workers: 1
 Concurrent Refinement Workers: 4
 Periodic GC: Disabled
Heap:
 garbage-first heap   total 240640K, used 201457K [0x0000000080000000, 0x0000000100000000)
  region size 1024K, 67 young (68608K), 9 survivors (9216K)
 Metaspace       used 147350K, committed 151360K, reserved 1179648K
  class space    used 20602K, committed 22272K, reserved 1048576K
GC Heap History (20 events):
Event: 27.216 GC heap before
{Heap before GC invocations=50 (full 0):
 garbage-first heap   total 193536K, used 183329K [0x0000000080000000, 0x0000000100000000)
  region size 1024K, 63 young (64512K), 5 survivors (5120K)
 Metaspace       used 116056K, committed 118336K, reserved 1179648K
  class space    used 16302K, committed 17408K, reserved 1048576K
}
Event: 27.239 GC heap after
{Heap after GC invocations=51 (full 0):
 garbage-first heap   total 199680K, used 124528K [0x0000000080000000, 0x0000000100000000)
  region size 1024K, 8 young (8192K), 8 survivors (8192K)
 Metaspace       used 116056K, committed 118336K, reserved 1179648K
  class space    used 16302K, committed 17408K, reserved 1048576K
}
Event: 27.592 GC heap before
{Heap before GC invocations=51 (full 0):
 garbage-first heap   total 199680K, used 141936K [0x0000000080000000, 0x0000000100000000)
  region size 1024K, 27 young (27648K), 8 survivors (8192K)
 Metaspace       used 120364K, committed 122688K, reserved 1179648K
  class space    used 16820K, committed 17920K, reserved 1048576K
}
Event: 27.606 GC heap after
{Heap after GC invocations=52 (full 0):
 garbage-first heap   total 239616K, used 127422K [0x0000000080000000, 0x0000000100000000)
  region size 1024K, 2 young (2048K), 2 survivors (2048K)
 Metaspace       used 120364K, committed 122688K, reserved 1179648K
  class space    used 16820K, committed 17920K, reserved 1048576K
}
Event: 28.427 GC heap before
{Heap before GC invocations=52 (full 0):
 garbage-first heap   total 239616K, used 174526K [0x0000000080000000, 0x0000000100000000)
  region size 1024K, 48 young (49152K), 2 survivors (2048K)
 Metaspace       used 122334K, committed 124608K, reserved 1179648K
  class space    used 17014K, committed 18112K, reserved 1048576K
}
Event: 28.440 GC heap after
{Heap after GC invocations=53 (full 0):
 garbage-first heap   total 239616K, used 140288K [0x0000000080000000, 0x0000000100000000)
  region size 1024K, 12 young (12288K), 12 survivors (12288K)
 Metaspace       used 122334K, committed 124608K, reserved 1179648K
  class space    used 17014K, committed 18112K, reserved 1048576K
}
Event: 30.101 GC heap before
{Heap before GC invocations=54 (full 0):
 garbage-first heap   total 239616K, used 202752K [0x0000000080000000, 0x0000000100000000)
  region size 1024K, 71 young (72704K), 12 survivors (12288K)
 Metaspace       used 125672K, committed 127936K, reserved 1179648K
  class space    used 17344K, committed 18432K, reserved 1048576K
}
Event: 30.119 GC heap after
{Heap after GC invocations=55 (full 0):
 garbage-first heap   total 239616K, used 143097K [0x0000000080000000, 0x0000000100000000)
  region size 1024K, 8 young (8192K), 8 survivors (8192K)
 Metaspace       used 125672K, committed 127936K, reserved 1179648K
  class space    used 17344K, committed 18432K, reserved 1048576K
}
Event: 31.100 GC heap before
{Heap before GC invocations=55 (full 0):
 garbage-first heap   total 239616K, used 202489K [0x0000000080000000, 0x0000000100000000)
  region size 1024K, 67 young (68608K), 8 survivors (8192K)
 Metaspace       used 127124K, committed 129408K, reserved 1179648K
  class space    used 17563K, committed 18688K, reserved 1048576K
}
Event: 31.113 GC heap after
{Heap after GC invocations=56 (full 0):
 garbage-first heap   total 239616K, used 143967K [0x0000000080000000, 0x0000000100000000)
  region size 1024K, 5 young (5120K), 5 survivors (5120K)
 Metaspace       used 127124K, committed 129408K, reserved 1179648K
  class space    used 17563K, committed 18688K, reserved 1048576K
}
Event: 32.638 GC heap before
{Heap before GC invocations=56 (full 0):
 garbage-first heap   total 239616K, used 205407K [0x0000000080000000, 0x0000000100000000)
  region size 1024K, 66 young (67584K), 5 survivors (5120K)
 Metaspace       used 135855K, committed 138176K, reserved 1179648K
  class space    used 18880K, committed 19968K, reserved 1048576K
}
Event: 32.647 GC heap after
{Heap after GC invocations=57 (full 0):
 garbage-first heap   total 239616K, used 145564K [0x0000000080000000, 0x0000000100000000)
  region size 1024K, 6 young (6144K), 6 survivors (6144K)
 Metaspace       used 135855K, committed 138176K, reserved 1179648K
  class space    used 18880K, committed 19968K, reserved 1048576K
}
Event: 34.015 GC heap before
{Heap before GC invocations=58 (full 0):
 garbage-first heap   total 240640K, used 208028K [0x0000000080000000, 0x0000000100000000)
  region size 1024K, 70 young (71680K), 6 survivors (6144K)
 Metaspace       used 140483K, committed 142720K, reserved 1179648K
  class space    used 20003K, committed 21056K, reserved 1048576K
}
Event: 34.027 GC heap after
{Heap after GC invocations=59 (full 0):
 garbage-first heap   total 240640K, used 145044K [0x0000000080000000, 0x0000000100000000)
  region size 1024K, 6 young (6144K), 6 survivors (6144K)
 Metaspace       used 140483K, committed 142720K, reserved 1179648K
  class space    used 20003K, committed 21056K, reserved 1048576K
}
Event: 35.704 GC heap before
{Heap before GC invocations=59 (full 0):
 garbage-first heap   total 240640K, used 225940K [0x0000000080000000, 0x0000000100000000)
  region size 1024K, 73 young (74752K), 6 survivors (6144K)
 Metaspace       used 148334K, committed 150656K, reserved 1179648K
  class space    used 21085K, committed 22208K, reserved 1048576K
}
Event: 35.719 GC heap after
{Heap after GC invocations=60 (full 0):
 garbage-first heap   total 240640K, used 142467K [0x0000000080000000, 0x0000000100000000)
  region size 1024K, 10 young (10240K), 10 survivors (10240K)
 Metaspace       used 148334K, committed 150656K, reserved 1179648K
  class space    used 21085K, committed 22208K, reserved 1048576K
}
Event: 3053.500 GC heap before
{Heap before GC invocations=60 (full 0):
 garbage-first heap   total 240640K, used 214147K [0x0000000080000000, 0x0000000100000000)
  region size 1024K, 80 young (81920K), 10 survivors (10240K)
 Metaspace       used 148948K, committed 151296K, reserved 1179648K
  class space    used 21137K, committed 22272K, reserved 1048576K
}
Event: 3053.583 GC heap after
{Heap after GC invocations=61 (full 0):
 garbage-first heap   total 240640K, used 142572K [0x0000000080000000, 0x0000000100000000)
  region size 1024K, 5 young (5120K), 5 survivors (5120K)
 Metaspace       used 148948K, committed 151296K, reserved 1179648K
  class space    used 21137K, committed 22272K, reserved 1048576K
}
Event: 5502.110 GC heap before
{Heap before GC invocations=62 (full 0):
 garbage-first heap   total 240640K, used 214252K [0x0000000080000000, 0x0000000100000000)
  region size 1024K, 78 young (79872K), 5 survivors (5120K)
 Metaspace       used 146669K, committed 151296K, reserved 1179648K
  class space    used 20541K, committed 22272K, reserved 1048576K
}
Event: 5502.128 GC heap after
{Heap after GC invocations=63 (full 0):
 garbage-first heap   total 240640K, used 144113K [0x0000000080000000, 0x0000000100000000)
  region size 1024K, 9 young (9216K), 9 survivors (9216K)
 Metaspace       used 146669K, committed 151296K, reserved 1179648K
  class space    used 20541K, committed 22272K, reserved 1048576K
}

